<!DOCTYPE html PUBLIC "-//W3C//DTD XHTML 1.1//EN" "https://www.w3.org/TR/xhtml11/DTD/xhtml11.dtd">
<html xmlns="https://www.w3.org/1999/xhtml">
<head>
<meta http-equiv="content-type" content="text/html; charset=UTF-8"/>
<title>TestNG Report</title>
<style type="text/css">table {margin-bottom:10px;border-collapse:collapse;empty-cells:show}th,td {border:1px solid #009;padding:.25em .5em}th {vertical-align:bottom}td {vertical-align:top}table a {font-weight:bold}.stripe td {background-color: #E6EBF9}.num {text-align:right}.passedodd td {background-color: #3F3}.passedeven td {background-color: #0A0}.skippedodd td {background-color: #DDD}.skippedeven td {background-color: #CCC}.failedodd td,.attn {background-color: #F33}.failedeven td,.stripe .attn {background-color: #D00}.stacktrace {white-space:pre;font-family:monospace}.totop {font-size:85%;text-align:center;border-bottom:2px solid #000}.invisible {display:none}</style>
</head>
<body>
<table>
<tr><th>Test</th><th># Passed</th><th># Skipped</th><th># Retried</th><th># Failed</th><th>Time (ms)</th><th>Included Groups</th><th>Excluded Groups</th></tr>
<tr><th colspan="8">Suite</th></tr>
<tr><td><a href="#t0">ChromeTest</a></td><td class="num">1</td><td class="num">0</td><td class="num">0</td><td class="num attn">2</td><td class="num">26,084</td><td></td><td></td></tr>
</table>
<table id='summary'><thead><tr><th>Class</th><th>Method</th><th>Start</th><th>Time (ms)</th></tr></thead><tbody><tr><th colspan="4">Suite</th></tr></tbody><tbody id="t0"><tr><th colspan="4">ChromeTest &#8212; failed</th></tr><tr class="failedeven"><td rowspan="2">pac1.TC008_TestNG2_PageFactory</td><td><a href="#m0">f</a></td><td rowspan="2">1760771847860</td><td rowspan="2">4214</td></tr><tr class="failedeven"><td><a href="#m1">f</a></td></tr><tr><th colspan="4">ChromeTest &#8212; passed</th></tr><tr class="passedeven"><td rowspan="1">pac1.TC008_TestNG2_PageFactory</td><td><a href="#m2">test2</a></td><td rowspan="1">1760771860002</td><td rowspan="1">3</td></tr></tbody>
</table>
<h2>ChromeTest</h2><h3 id="m0">pac1.TC008_TestNG2_PageFactory#f</h3><table class="result"><tr class="param"><th>Parameter #1</th><th>Parameter #2</th></tr><tr class="param stripe"><td>Admin</td><td>admin123</td></tr><tr><th colspan="2">Exception</th></tr><tr><td colspan="2"><div class="stacktrace">java.lang.RuntimeException: java.lang.reflect.InvocationTargetException
	at org.openqa.selenium.support.PageFactory.instantiatePage(PageFactory.java:130)
	at org.openqa.selenium.support.PageFactory.initElements(PageFactory.java:62)
	at pac1.TC008_TestNG2_PageFactory.f(TC008_TestNG2_PageFactory.java:53)
	at java.base/java.util.ArrayList.forEach(ArrayList.java:1511)
	at java.base/java.util.concurrent.FutureTask.run(FutureTask.java:264)
	at java.base/java.util.concurrent.ThreadPoolExecutor.runWorker(ThreadPoolExecutor.java:1136)
	at java.base/java.util.concurrent.ThreadPoolExecutor$Worker.run(ThreadPoolExecutor.java:635)
	at java.base/java.lang.Thread.run(Thread.java:833)
	at org.openqa.selenium.support.PageFactory.instantiatePage(PageFactory.java:127)
	... 22 more
Caused by: java.lang.Error: Unresolved compilation problem: 
	Syntax error on token &quot;}&quot;, delete this token

	at pac1.login_pagefactory.&lt;init&gt;(login_pagefactory.java:51)
	... 25 more
... Removed 20 stack frames</div></td></tr></table><p class="totop"><a href="#summary">back to summary</a></p>
<h3 id="m1">pac1.TC008_TestNG2_PageFactory#f</h3><table class="result"><tr class="param"><th>Parameter #1</th><th>Parameter #2</th></tr><tr class="param stripe"><td>pooja</td><td>welcome</td></tr><tr><th colspan="2">Exception</th></tr><tr><td colspan="2"><div class="stacktrace">java.lang.RuntimeException: java.lang.reflect.InvocationTargetException
	at org.openqa.selenium.support.PageFactory.instantiatePage(PageFactory.java:130)
	at org.openqa.selenium.support.PageFactory.initElements(PageFactory.java:62)
	at pac1.TC008_TestNG2_PageFactory.f(TC008_TestNG2_PageFactory.java:53)
	at java.base/java.util.ArrayList.forEach(ArrayList.java:1511)
	at java.base/java.util.concurrent.FutureTask.run(FutureTask.java:264)
	at java.base/java.util.concurrent.ThreadPoolExecutor.runWorker(ThreadPoolExecutor.java:1136)
	at java.base/java.util.concurrent.ThreadPoolExecutor$Worker.run(ThreadPoolExecutor.java:635)
	at java.base/java.lang.Thread.run(Thread.java:833)
	at org.openqa.selenium.support.PageFactory.instantiatePage(PageFactory.java:127)
	... 22 more
Caused by: java.lang.Error: Unresolved compilation problem: 
	Syntax error on token &quot;}&quot;, delete this token

	at pac1.login_pagefactory.&lt;init&gt;(login_pagefactory.java:51)
	... 25 more
... Removed 20 stack frames</div></td></tr></table><p class="totop"><a href="#summary">back to summary</a></p>
<h3 id="m2">pac1.TC008_TestNG2_PageFactory#test2</h3><table class="result"><tr><th class="invisible"/></tr></table><p class="totop"><a href="#summary">back to summary</a></p>
</body>
</html>
