<?xml version="1.0" encoding="UTF-8"?>
<!-- Generated by org.testng.reporters.JUnitXMLReporter -->
<testsuite ignored="0" hostname="LAPTOP-8NO3AAUC" failures="2" tests="3" name="ChromeTest" time="26.084" errors="0" timestamp="2025-10-18T12:47:40 IST">
  <testcase classname="pac1.TC008_TestNG2_PageFactory" name="f" time="4.214">
    <failure type="java.lang.RuntimeException" message="java.lang.reflect.InvocationTargetException">
      <![CDATA[java.lang.RuntimeException: java.lang.reflect.InvocationTargetException
at org.openqa.selenium.support.PageFactory.instantiatePage(PageFactory.java:130)
at org.openqa.selenium.support.PageFactory.initElements(PageFactory.java:62)
at pac1.TC008_TestNG2_PageFactory.f(TC008_TestNG2_PageFactory.java:53)
at java.base/java.util.ArrayList.forEach(ArrayList.java:1511)
at java.base/java.util.concurrent.FutureTask.run(FutureTask.java:264)
at java.base/java.util.concurrent.ThreadPoolExecutor.runWorker(ThreadPoolExecutor.java:1136)
at java.base/java.util.concurrent.ThreadPoolExecutor$Worker.run(ThreadPoolExecutor.java:635)
at java.base/java.lang.Thread.run(Thread.java:833)
at org.openqa.selenium.support.PageFactory.instantiatePage(PageFactory.java:127)
... 22 more
Caused by: java.lang.Error: Unresolved compilation problem: 
Syntax error on token "}", delete this token

at pac1.login_pagefactory.<init>(login_pagefactory.java:51)
... 25 more
... Removed 20 stack frames]]>
    </failure>
  </testcase> <!-- f -->
  <testcase classname="pac1.TC008_TestNG2_PageFactory" name="f" time="3.481">
    <failure type="java.lang.RuntimeException" message="java.lang.reflect.InvocationTargetException">
      <![CDATA[java.lang.RuntimeException: java.lang.reflect.InvocationTargetException
at org.openqa.selenium.support.PageFactory.instantiatePage(PageFactory.java:130)
at org.openqa.selenium.support.PageFactory.initElements(PageFactory.java:62)
at pac1.TC008_TestNG2_PageFactory.f(TC008_TestNG2_PageFactory.java:53)
at java.base/java.util.ArrayList.forEach(ArrayList.java:1511)
at java.base/java.util.concurrent.FutureTask.run(FutureTask.java:264)
at java.base/java.util.concurrent.ThreadPoolExecutor.runWorker(ThreadPoolExecutor.java:1136)
at java.base/java.util.concurrent.ThreadPoolExecutor$Worker.run(ThreadPoolExecutor.java:635)
at java.base/java.lang.Thread.run(Thread.java:833)
at org.openqa.selenium.support.PageFactory.instantiatePage(PageFactory.java:127)
... 22 more
Caused by: java.lang.Error: Unresolved compilation problem: 
Syntax error on token "}", delete this token

at pac1.login_pagefactory.<init>(login_pagefactory.java:51)
... 25 more
... Removed 20 stack frames]]>
    </failure>
  </testcase> <!-- f -->
  <testcase classname="pac1.TC008_TestNG2_PageFactory" name="test2" time="0.003"/>
</testsuite> <!-- ChromeTest -->
